<?xml version="1.0" encoding="UTF-8"?>
<testng-results ignored="1" total="53" passed="49" failed="3" skipped="0">
  <reporter-output>
  </reporter-output>
  <suite started-at="2024-08-31T14:34:06 EET" name="Default suite" finished-at="2024-08-31T14:34:16 EET" duration-ms="10625">
    <groups>
    </groups>
    <test started-at="2024-08-31T14:34:06 EET" name="Default test" finished-at="2024-08-31T14:34:16 EET" duration-ms="10625">
      <class name="dbtesting1.mytest">
        <test-method is-config="true" signature="mysetup()[pri:0, instance:dbtesting1.mytest@783a467b]" started-at="2024-08-31T14:34:06 EET" name="mysetup" finished-at="2024-08-31T14:34:08 EET" duration-ms="2173" status="PASS">
          <reporter-output>
          </reporter-output>
        </test-method> <!-- mysetup -->
        <test-method signature="AddData()[pri:1, instance:dbtesting1.mytest@783a467b]" started-at="2024-08-31T14:34:08 EET" name="AddData" finished-at="2024-08-31T14:34:08 EET" duration-ms="204" status="PASS">
          <reporter-output>
          </reporter-output>
        </test-method> <!-- AddData -->
        <test-method signature="AddData()[pri:1, instance:dbtesting1.mytest@783a467b]" started-at="2024-08-31T14:34:08 EET" name="AddData" finished-at="2024-08-31T14:34:08 EET" duration-ms="140" status="PASS">
          <reporter-output>
          </reporter-output>
        </test-method> <!-- AddData -->
        <test-method signature="AddData()[pri:1, instance:dbtesting1.mytest@783a467b]" started-at="2024-08-31T14:34:08 EET" name="AddData" finished-at="2024-08-31T14:34:09 EET" duration-ms="96" status="PASS">
          <reporter-output>
          </reporter-output>
        </test-method> <!-- AddData -->
        <test-method signature="AddData()[pri:1, instance:dbtesting1.mytest@783a467b]" started-at="2024-08-31T14:34:09 EET" name="AddData" finished-at="2024-08-31T14:34:09 EET" duration-ms="52" status="PASS">
          <reporter-output>
          </reporter-output>
        </test-method> <!-- AddData -->
        <test-method signature="AddData()[pri:1, instance:dbtesting1.mytest@783a467b]" started-at="2024-08-31T14:34:09 EET" name="AddData" finished-at="2024-08-31T14:34:09 EET" duration-ms="86" status="PASS">
          <reporter-output>
          </reporter-output>
        </test-method> <!-- AddData -->
        <test-method signature="AddData()[pri:1, instance:dbtesting1.mytest@783a467b]" started-at="2024-08-31T14:34:09 EET" name="AddData" finished-at="2024-08-31T14:34:09 EET" duration-ms="72" status="PASS">
          <reporter-output>
          </reporter-output>
        </test-method> <!-- AddData -->
        <test-method signature="AddData()[pri:1, instance:dbtesting1.mytest@783a467b]" started-at="2024-08-31T14:34:09 EET" name="AddData" finished-at="2024-08-31T14:34:09 EET" duration-ms="41" status="PASS">
          <reporter-output>
          </reporter-output>
        </test-method> <!-- AddData -->
        <test-method signature="AddData()[pri:1, instance:dbtesting1.mytest@783a467b]" started-at="2024-08-31T14:34:09 EET" name="AddData" finished-at="2024-08-31T14:34:09 EET" duration-ms="41" status="PASS">
          <reporter-output>
          </reporter-output>
        </test-method> <!-- AddData -->
        <test-method signature="AddData()[pri:1, instance:dbtesting1.mytest@783a467b]" started-at="2024-08-31T14:34:09 EET" name="AddData" finished-at="2024-08-31T14:34:09 EET" duration-ms="163" status="PASS">
          <reporter-output>
          </reporter-output>
        </test-method> <!-- AddData -->
        <test-method signature="AddData()[pri:1, instance:dbtesting1.mytest@783a467b]" started-at="2024-08-31T14:34:09 EET" name="AddData" finished-at="2024-08-31T14:34:09 EET" duration-ms="74" status="PASS">
          <reporter-output>
          </reporter-output>
        </test-method> <!-- AddData -->
        <test-method signature="AddData()[pri:1, instance:dbtesting1.mytest@783a467b]" started-at="2024-08-31T14:34:09 EET" name="AddData" finished-at="2024-08-31T14:34:09 EET" duration-ms="72" status="PASS">
          <reporter-output>
          </reporter-output>
        </test-method> <!-- AddData -->
        <test-method signature="AddData()[pri:1, instance:dbtesting1.mytest@783a467b]" started-at="2024-08-31T14:34:09 EET" name="AddData" finished-at="2024-08-31T14:34:09 EET" duration-ms="133" status="PASS">
          <reporter-output>
          </reporter-output>
        </test-method> <!-- AddData -->
        <test-method signature="AddData()[pri:1, instance:dbtesting1.mytest@783a467b]" started-at="2024-08-31T14:34:09 EET" name="AddData" finished-at="2024-08-31T14:34:10 EET" duration-ms="428" status="PASS">
          <reporter-output>
          </reporter-output>
        </test-method> <!-- AddData -->
        <test-method signature="AddData()[pri:1, instance:dbtesting1.mytest@783a467b]" started-at="2024-08-31T14:34:10 EET" name="AddData" finished-at="2024-08-31T14:34:10 EET" duration-ms="175" status="PASS">
          <reporter-output>
          </reporter-output>
        </test-method> <!-- AddData -->
        <test-method signature="AddData()[pri:1, instance:dbtesting1.mytest@783a467b]" started-at="2024-08-31T14:34:10 EET" name="AddData" finished-at="2024-08-31T14:34:10 EET" duration-ms="197" status="PASS">
          <reporter-output>
          </reporter-output>
        </test-method> <!-- AddData -->
        <test-method signature="AddData()[pri:1, instance:dbtesting1.mytest@783a467b]" started-at="2024-08-31T14:34:10 EET" name="AddData" finished-at="2024-08-31T14:34:10 EET" duration-ms="53" status="PASS">
          <reporter-output>
          </reporter-output>
        </test-method> <!-- AddData -->
        <test-method signature="AddData()[pri:1, instance:dbtesting1.mytest@783a467b]" started-at="2024-08-31T14:34:10 EET" name="AddData" finished-at="2024-08-31T14:34:10 EET" duration-ms="74" status="PASS">
          <reporter-output>
          </reporter-output>
        </test-method> <!-- AddData -->
        <test-method signature="AddData()[pri:1, instance:dbtesting1.mytest@783a467b]" started-at="2024-08-31T14:34:10 EET" name="AddData" finished-at="2024-08-31T14:34:10 EET" duration-ms="75" status="PASS">
          <reporter-output>
          </reporter-output>
        </test-method> <!-- AddData -->
        <test-method signature="AddData()[pri:1, instance:dbtesting1.mytest@783a467b]" started-at="2024-08-31T14:34:10 EET" name="AddData" finished-at="2024-08-31T14:34:10 EET" duration-ms="53" status="PASS">
          <reporter-output>
          </reporter-output>
        </test-method> <!-- AddData -->
        <test-method signature="AddData()[pri:1, instance:dbtesting1.mytest@783a467b]" started-at="2024-08-31T14:34:10 EET" name="AddData" finished-at="2024-08-31T14:34:10 EET" duration-ms="62" status="PASS">
          <reporter-output>
          </reporter-output>
        </test-method> <!-- AddData -->
        <test-method signature="AddData()[pri:1, instance:dbtesting1.mytest@783a467b]" started-at="2024-08-31T14:34:10 EET" name="AddData" finished-at="2024-08-31T14:34:10 EET" duration-ms="54" status="PASS">
          <reporter-output>
          </reporter-output>
        </test-method> <!-- AddData -->
        <test-method signature="AddData()[pri:1, instance:dbtesting1.mytest@783a467b]" started-at="2024-08-31T14:34:10 EET" name="AddData" finished-at="2024-08-31T14:34:11 EET" duration-ms="118" status="PASS">
          <reporter-output>
          </reporter-output>
        </test-method> <!-- AddData -->
        <test-method signature="AddData()[pri:1, instance:dbtesting1.mytest@783a467b]" started-at="2024-08-31T14:34:11 EET" name="AddData" finished-at="2024-08-31T14:34:11 EET" duration-ms="119" status="PASS">
          <reporter-output>
          </reporter-output>
        </test-method> <!-- AddData -->
        <test-method signature="AddData()[pri:1, instance:dbtesting1.mytest@783a467b]" started-at="2024-08-31T14:34:11 EET" name="AddData" finished-at="2024-08-31T14:34:11 EET" duration-ms="144" status="PASS">
          <reporter-output>
          </reporter-output>
        </test-method> <!-- AddData -->
        <test-method signature="AddData()[pri:1, instance:dbtesting1.mytest@783a467b]" started-at="2024-08-31T14:34:11 EET" name="AddData" finished-at="2024-08-31T14:34:11 EET" duration-ms="95" status="PASS">
          <reporter-output>
          </reporter-output>
        </test-method> <!-- AddData -->
        <test-method signature="AddData()[pri:1, instance:dbtesting1.mytest@783a467b]" started-at="2024-08-31T14:34:11 EET" name="AddData" finished-at="2024-08-31T14:34:11 EET" duration-ms="186" status="PASS">
          <reporter-output>
          </reporter-output>
        </test-method> <!-- AddData -->
        <test-method signature="AddData()[pri:1, instance:dbtesting1.mytest@783a467b]" started-at="2024-08-31T14:34:11 EET" name="AddData" finished-at="2024-08-31T14:34:11 EET" duration-ms="53" status="PASS">
          <reporter-output>
          </reporter-output>
        </test-method> <!-- AddData -->
        <test-method signature="AddData()[pri:1, instance:dbtesting1.mytest@783a467b]" started-at="2024-08-31T14:34:11 EET" name="AddData" finished-at="2024-08-31T14:34:11 EET" duration-ms="98" status="PASS">
          <reporter-output>
          </reporter-output>
        </test-method> <!-- AddData -->
        <test-method signature="AddData()[pri:1, instance:dbtesting1.mytest@783a467b]" started-at="2024-08-31T14:34:11 EET" name="AddData" finished-at="2024-08-31T14:34:11 EET" duration-ms="41" status="PASS">
          <reporter-output>
          </reporter-output>
        </test-method> <!-- AddData -->
        <test-method signature="AddData()[pri:1, instance:dbtesting1.mytest@783a467b]" started-at="2024-08-31T14:34:11 EET" name="AddData" finished-at="2024-08-31T14:34:11 EET" duration-ms="64" status="PASS">
          <reporter-output>
          </reporter-output>
        </test-method> <!-- AddData -->
        <test-method signature="AddData()[pri:1, instance:dbtesting1.mytest@783a467b]" started-at="2024-08-31T14:34:11 EET" name="AddData" finished-at="2024-08-31T14:34:14 EET" duration-ms="2147" status="FAIL">
          <exception class="java.sql.SQLIntegrityConstraintViolationException">
            <message>
              <![CDATA[Duplicate entry '80' for key 'customers.PRIMARY']]>
            </message>
            <full-stacktrace>
              <![CDATA[java.sql.SQLIntegrityConstraintViolationException: Duplicate entry '80' for key 'customers.PRIMARY'
at com.mysql.cj.jdbc.exceptions.SQLError.createSQLException(SQLError.java:109)
at com.mysql.cj.jdbc.exceptions.SQLExceptionsMapping.translateException(SQLExceptionsMapping.java:114)
at com.mysql.cj.jdbc.StatementImpl.executeUpdateInternal(StatementImpl.java:1537)
at com.mysql.cj.jdbc.StatementImpl.executeLargeUpdate(StatementImpl.java:2384)
at com.mysql.cj.jdbc.StatementImpl.executeUpdate(StatementImpl.java:1410)
at dbtesting1.mytest.AddData(mytest.java:47)
at java.base/jdk.internal.reflect.DirectMethodHandleAccessor.invoke(DirectMethodHandleAccessor.java:103)
at java.base/java.lang.reflect.Method.invoke(Method.java:580)
at org.testng.internal.MethodInvocationHelper.invokeMethod(MethodInvocationHelper.java:133)
at org.testng.internal.TestInvoker.invokeMethod(TestInvoker.java:598)
at org.testng.internal.TestInvoker.invokeTestMethod(TestInvoker.java:173)
at org.testng.internal.MethodRunner.runInSequence(MethodRunner.java:46)
at org.testng.internal.TestInvoker$MethodInvocationAgent.invoke(TestInvoker.java:824)
at org.testng.internal.TestInvoker.invokeTestMethods(TestInvoker.java:146)
at org.testng.internal.TestMethodWorker.invokeTestMethods(TestMethodWorker.java:146)
at org.testng.internal.TestMethodWorker.run(TestMethodWorker.java:128)
at java.base/java.util.ArrayList.forEach(ArrayList.java:1597)
at org.testng.TestRunner.privateRun(TestRunner.java:794)
at org.testng.TestRunner.run(TestRunner.java:596)
at org.testng.SuiteRunner.runTest(SuiteRunner.java:377)
at org.testng.SuiteRunner.runSequentially(SuiteRunner.java:371)
at org.testng.SuiteRunner.privateRun(SuiteRunner.java:332)
at org.testng.SuiteRunner.run(SuiteRunner.java:276)
at org.testng.SuiteRunnerWorker.runSuite(SuiteRunnerWorker.java:53)
at org.testng.SuiteRunnerWorker.run(SuiteRunnerWorker.java:96)
at org.testng.TestNG.runSuitesSequentially(TestNG.java:1212)
at org.testng.TestNG.runSuitesLocally(TestNG.java:1134)
at org.testng.TestNG.runSuites(TestNG.java:1063)
at org.testng.TestNG.run(TestNG.java:1031)
at org.testng.remote.AbstractRemoteTestNG.run(AbstractRemoteTestNG.java:115)
at org.testng.remote.RemoteTestNG.initAndRun(RemoteTestNG.java:293)
at org.testng.remote.RemoteTestNG.main(RemoteTestNG.java:91)
]]>
            </full-stacktrace>
          </exception> <!-- java.sql.SQLIntegrityConstraintViolationException -->
          <reporter-output>
          </reporter-output>
        </test-method> <!-- AddData -->
        <test-method signature="AddData()[pri:1, instance:dbtesting1.mytest@783a467b]" started-at="2024-08-31T14:34:14 EET" name="AddData" finished-at="2024-08-31T14:34:14 EET" duration-ms="35" status="PASS">
          <reporter-output>
          </reporter-output>
        </test-method> <!-- AddData -->
        <test-method signature="AddData()[pri:1, instance:dbtesting1.mytest@783a467b]" started-at="2024-08-31T14:34:14 EET" name="AddData" finished-at="2024-08-31T14:34:14 EET" duration-ms="41" status="PASS">
          <reporter-output>
          </reporter-output>
        </test-method> <!-- AddData -->
        <test-method signature="AddData()[pri:1, instance:dbtesting1.mytest@783a467b]" started-at="2024-08-31T14:34:14 EET" name="AddData" finished-at="2024-08-31T14:34:14 EET" duration-ms="42" status="PASS">
          <reporter-output>
          </reporter-output>
        </test-method> <!-- AddData -->
        <test-method signature="AddData()[pri:1, instance:dbtesting1.mytest@783a467b]" started-at="2024-08-31T14:34:14 EET" name="AddData" finished-at="2024-08-31T14:34:14 EET" duration-ms="64" status="PASS">
          <reporter-output>
          </reporter-output>
        </test-method> <!-- AddData -->
        <test-method signature="AddData()[pri:1, instance:dbtesting1.mytest@783a467b]" started-at="2024-08-31T14:34:14 EET" name="AddData" finished-at="2024-08-31T14:34:14 EET" duration-ms="53" status="PASS">
          <reporter-output>
          </reporter-output>
        </test-method> <!-- AddData -->
        <test-method signature="AddData()[pri:1, instance:dbtesting1.mytest@783a467b]" started-at="2024-08-31T14:34:14 EET" name="AddData" finished-at="2024-08-31T14:34:14 EET" duration-ms="5" status="FAIL">
          <exception class="java.sql.SQLIntegrityConstraintViolationException">
            <message>
              <![CDATA[Duplicate entry '385' for key 'customers.PRIMARY']]>
            </message>
            <full-stacktrace>
              <![CDATA[java.sql.SQLIntegrityConstraintViolationException: Duplicate entry '385' for key 'customers.PRIMARY'
at com.mysql.cj.jdbc.exceptions.SQLError.createSQLException(SQLError.java:109)
at com.mysql.cj.jdbc.exceptions.SQLExceptionsMapping.translateException(SQLExceptionsMapping.java:114)
at com.mysql.cj.jdbc.StatementImpl.executeUpdateInternal(StatementImpl.java:1537)
at com.mysql.cj.jdbc.StatementImpl.executeLargeUpdate(StatementImpl.java:2384)
at com.mysql.cj.jdbc.StatementImpl.executeUpdate(StatementImpl.java:1410)
at dbtesting1.mytest.AddData(mytest.java:47)
at java.base/jdk.internal.reflect.DirectMethodHandleAccessor.invoke(DirectMethodHandleAccessor.java:103)
at java.base/java.lang.reflect.Method.invoke(Method.java:580)
at org.testng.internal.MethodInvocationHelper.invokeMethod(MethodInvocationHelper.java:133)
at org.testng.internal.TestInvoker.invokeMethod(TestInvoker.java:598)
at org.testng.internal.TestInvoker.invokeTestMethod(TestInvoker.java:173)
at org.testng.internal.MethodRunner.runInSequence(MethodRunner.java:46)
at org.testng.internal.TestInvoker$MethodInvocationAgent.invoke(TestInvoker.java:824)
at org.testng.internal.TestInvoker.invokeTestMethods(TestInvoker.java:146)
at org.testng.internal.TestMethodWorker.invokeTestMethods(TestMethodWorker.java:146)
at org.testng.internal.TestMethodWorker.run(TestMethodWorker.java:128)
at java.base/java.util.ArrayList.forEach(ArrayList.java:1597)
at org.testng.TestRunner.privateRun(TestRunner.java:794)
at org.testng.TestRunner.run(TestRunner.java:596)
at org.testng.SuiteRunner.runTest(SuiteRunner.java:377)
at org.testng.SuiteRunner.runSequentially(SuiteRunner.java:371)
at org.testng.SuiteRunner.privateRun(SuiteRunner.java:332)
at org.testng.SuiteRunner.run(SuiteRunner.java:276)
at org.testng.SuiteRunnerWorker.runSuite(SuiteRunnerWorker.java:53)
at org.testng.SuiteRunnerWorker.run(SuiteRunnerWorker.java:96)
at org.testng.TestNG.runSuitesSequentially(TestNG.java:1212)
at org.testng.TestNG.runSuitesLocally(TestNG.java:1134)
at org.testng.TestNG.runSuites(TestNG.java:1063)
at org.testng.TestNG.run(TestNG.java:1031)
at org.testng.remote.AbstractRemoteTestNG.run(AbstractRemoteTestNG.java:115)
at org.testng.remote.RemoteTestNG.initAndRun(RemoteTestNG.java:293)
at org.testng.remote.RemoteTestNG.main(RemoteTestNG.java:91)
]]>
            </full-stacktrace>
          </exception> <!-- java.sql.SQLIntegrityConstraintViolationException -->
          <reporter-output>
          </reporter-output>
        </test-method> <!-- AddData -->
        <test-method signature="AddData()[pri:1, instance:dbtesting1.mytest@783a467b]" started-at="2024-08-31T14:34:14 EET" name="AddData" finished-at="2024-08-31T14:34:14 EET" duration-ms="6" status="FAIL">
          <exception class="java.sql.SQLIntegrityConstraintViolationException">
            <message>
              <![CDATA[Duplicate entry '432' for key 'customers.PRIMARY']]>
            </message>
            <full-stacktrace>
              <![CDATA[java.sql.SQLIntegrityConstraintViolationException: Duplicate entry '432' for key 'customers.PRIMARY'
at com.mysql.cj.jdbc.exceptions.SQLError.createSQLException(SQLError.java:109)
at com.mysql.cj.jdbc.exceptions.SQLExceptionsMapping.translateException(SQLExceptionsMapping.java:114)
at com.mysql.cj.jdbc.StatementImpl.executeUpdateInternal(StatementImpl.java:1537)
at com.mysql.cj.jdbc.StatementImpl.executeLargeUpdate(StatementImpl.java:2384)
at com.mysql.cj.jdbc.StatementImpl.executeUpdate(StatementImpl.java:1410)
at dbtesting1.mytest.AddData(mytest.java:47)
at java.base/jdk.internal.reflect.DirectMethodHandleAccessor.invoke(DirectMethodHandleAccessor.java:103)
at java.base/java.lang.reflect.Method.invoke(Method.java:580)
at org.testng.internal.MethodInvocationHelper.invokeMethod(MethodInvocationHelper.java:133)
at org.testng.internal.TestInvoker.invokeMethod(TestInvoker.java:598)
at org.testng.internal.TestInvoker.invokeTestMethod(TestInvoker.java:173)
at org.testng.internal.MethodRunner.runInSequence(MethodRunner.java:46)
at org.testng.internal.TestInvoker$MethodInvocationAgent.invoke(TestInvoker.java:824)
at org.testng.internal.TestInvoker.invokeTestMethods(TestInvoker.java:146)
at org.testng.internal.TestMethodWorker.invokeTestMethods(TestMethodWorker.java:146)
at org.testng.internal.TestMethodWorker.run(TestMethodWorker.java:128)
at java.base/java.util.ArrayList.forEach(ArrayList.java:1597)
at org.testng.TestRunner.privateRun(TestRunner.java:794)
at org.testng.TestRunner.run(TestRunner.java:596)
at org.testng.SuiteRunner.runTest(SuiteRunner.java:377)
at org.testng.SuiteRunner.runSequentially(SuiteRunner.java:371)
at org.testng.SuiteRunner.privateRun(SuiteRunner.java:332)
at org.testng.SuiteRunner.run(SuiteRunner.java:276)
at org.testng.SuiteRunnerWorker.runSuite(SuiteRunnerWorker.java:53)
at org.testng.SuiteRunnerWorker.run(SuiteRunnerWorker.java:96)
at org.testng.TestNG.runSuitesSequentially(TestNG.java:1212)
at org.testng.TestNG.runSuitesLocally(TestNG.java:1134)
at org.testng.TestNG.runSuites(TestNG.java:1063)
at org.testng.TestNG.run(TestNG.java:1031)
at org.testng.remote.AbstractRemoteTestNG.run(AbstractRemoteTestNG.java:115)
at org.testng.remote.RemoteTestNG.initAndRun(RemoteTestNG.java:293)
at org.testng.remote.RemoteTestNG.main(RemoteTestNG.java:91)
]]>
            </full-stacktrace>
          </exception> <!-- java.sql.SQLIntegrityConstraintViolationException -->
          <reporter-output>
          </reporter-output>
        </test-method> <!-- AddData -->
        <test-method signature="AddData()[pri:1, instance:dbtesting1.mytest@783a467b]" started-at="2024-08-31T14:34:14 EET" name="AddData" finished-at="2024-08-31T14:34:14 EET" duration-ms="45" status="PASS">
          <reporter-output>
          </reporter-output>
        </test-method> <!-- AddData -->
        <test-method signature="AddData()[pri:1, instance:dbtesting1.mytest@783a467b]" started-at="2024-08-31T14:34:14 EET" name="AddData" finished-at="2024-08-31T14:34:14 EET" duration-ms="102" status="PASS">
          <reporter-output>
          </reporter-output>
        </test-method> <!-- AddData -->
        <test-method signature="AddData()[pri:1, instance:dbtesting1.mytest@783a467b]" started-at="2024-08-31T14:34:14 EET" name="AddData" finished-at="2024-08-31T14:34:14 EET" duration-ms="103" status="PASS">
          <reporter-output>
          </reporter-output>
        </test-method> <!-- AddData -->
        <test-method signature="AddData()[pri:1, instance:dbtesting1.mytest@783a467b]" started-at="2024-08-31T14:34:14 EET" name="AddData" finished-at="2024-08-31T14:34:14 EET" duration-ms="41" status="PASS">
          <reporter-output>
          </reporter-output>
        </test-method> <!-- AddData -->
        <test-method signature="AddData()[pri:1, instance:dbtesting1.mytest@783a467b]" started-at="2024-08-31T14:34:14 EET" name="AddData" finished-at="2024-08-31T14:34:14 EET" duration-ms="74" status="PASS">
          <reporter-output>
          </reporter-output>
        </test-method> <!-- AddData -->
        <test-method signature="AddData()[pri:1, instance:dbtesting1.mytest@783a467b]" started-at="2024-08-31T14:34:14 EET" name="AddData" finished-at="2024-08-31T14:34:14 EET" duration-ms="196" status="PASS">
          <reporter-output>
          </reporter-output>
        </test-method> <!-- AddData -->
        <test-method signature="AddData()[pri:1, instance:dbtesting1.mytest@783a467b]" started-at="2024-08-31T14:34:14 EET" name="AddData" finished-at="2024-08-31T14:34:15 EET" duration-ms="442" status="PASS">
          <reporter-output>
          </reporter-output>
        </test-method> <!-- AddData -->
        <test-method signature="AddData()[pri:1, instance:dbtesting1.mytest@783a467b]" started-at="2024-08-31T14:34:15 EET" name="AddData" finished-at="2024-08-31T14:34:15 EET" duration-ms="332" status="PASS">
          <reporter-output>
          </reporter-output>
        </test-method> <!-- AddData -->
        <test-method signature="AddData()[pri:1, instance:dbtesting1.mytest@783a467b]" started-at="2024-08-31T14:34:15 EET" name="AddData" finished-at="2024-08-31T14:34:16 EET" duration-ms="308" status="PASS">
          <reporter-output>
          </reporter-output>
        </test-method> <!-- AddData -->
        <test-method signature="AddData()[pri:1, instance:dbtesting1.mytest@783a467b]" started-at="2024-08-31T14:34:16 EET" name="AddData" finished-at="2024-08-31T14:34:16 EET" duration-ms="242" status="PASS">
          <reporter-output>
          </reporter-output>
        </test-method> <!-- AddData -->
        <test-method signature="AddData()[pri:1, instance:dbtesting1.mytest@783a467b]" started-at="2024-08-31T14:34:16 EET" name="AddData" finished-at="2024-08-31T14:34:16 EET" duration-ms="164" status="PASS">
          <reporter-output>
          </reporter-output>
        </test-method> <!-- AddData -->
        <test-method signature="AddData()[pri:1, instance:dbtesting1.mytest@783a467b]" started-at="2024-08-31T14:34:16 EET" name="AddData" finished-at="2024-08-31T14:34:16 EET" duration-ms="98" status="PASS">
          <reporter-output>
          </reporter-output>
        </test-method> <!-- AddData -->
        <test-method signature="updateData()[pri:2, instance:dbtesting1.mytest@783a467b]" started-at="2024-08-31T14:34:16 EET" name="updateData" finished-at="2024-08-31T14:34:16 EET" duration-ms="157" status="PASS">
          <reporter-output>
          </reporter-output>
        </test-method> <!-- updateData -->
        <test-method signature="GetData()[pri:3, instance:dbtesting1.mytest@783a467b]" started-at="2024-08-31T14:34:16 EET" name="GetData" finished-at="2024-08-31T14:34:16 EET" duration-ms="207" status="PASS">
          <reporter-output>
          </reporter-output>
        </test-method> <!-- GetData -->
      </class> <!-- dbtesting1.mytest -->
    </test> <!-- Default test -->
  </suite> <!-- Default suite -->
</testng-results>
